<?xml version="1.0" encoding="UTF-8"?>
<!-- Generated by org.testng.reporters.JUnitXMLReporter -->
<testsuite hostname="DESKTOP-13VKMES" ignored="0" name="Default test" tests="4" failures="0" timestamp="2021-09-24T18:06:29 IST" time="0.064" errors="0">
  <testcase name="credentials" time="0.006" classname="com.testngfeatures.Data_Provider"/>
  <testcase name="credentials" time="0.001" classname="com.testngfeatures.Data_Provider"/>
  <testcase name="credentials" time="0.001" classname="com.testngfeatures.Data_Provider"/>
  <testcase name="credentials" time="0.001" classname="com.testngfeatures.Data_Provider"/>
</testsuite> <!-- Default test -->
