<?xml version="1.0" encoding="UTF-8"?>
<testng-results skipped="0" failed="0" ignored="0" total="4" passed="4">
  <reporter-output>
  </reporter-output>
  <suite name="Default suite" duration-ms="64" started-at="2021-09-24T18:06:29 IST" finished-at="2021-09-24T18:06:29 IST">
    <groups>
    </groups>
    <test name="Default test" duration-ms="64" started-at="2021-09-24T18:06:29 IST" finished-at="2021-09-24T18:06:29 IST">
      <class name="com.testngfeatures.Data_Provider">
        <test-method status="PASS" signature="credentials(java.lang.String,int)[pri:0, instance:com.testngfeatures.Data_Provider@4d41cee]" name="credentials" duration-ms="6" started-at="2021-09-24T18:06:29 IST" data-provider="testdata" finished-at="2021-09-24T18:06:29 IST">
          <params>
            <param index="0">
              <value>
                <![CDATA[Raja]]>
              </value>
            </param>
            <param index="1">
              <value>
                <![CDATA[123]]>
              </value>
            </param>
          </params>
          <reporter-output>
          </reporter-output>
        </test-method> <!-- credentials -->
        <test-method status="PASS" signature="credentials(java.lang.String,int)[pri:0, instance:com.testngfeatures.Data_Provider@4d41cee]" name="credentials" duration-ms="1" started-at="2021-09-24T18:06:29 IST" data-provider="testdata" finished-at="2021-09-24T18:06:29 IST">
          <params>
            <param index="0">
              <value>
                <![CDATA[Ashok]]>
              </value>
            </param>
            <param index="1">
              <value>
                <![CDATA[345]]>
              </value>
            </param>
          </params>
          <reporter-output>
          </reporter-output>
        </test-method> <!-- credentials -->
        <test-method status="PASS" signature="credentials(java.lang.String,int)[pri:0, instance:com.testngfeatures.Data_Provider@4d41cee]" name="credentials" duration-ms="1" started-at="2021-09-24T18:06:29 IST" data-provider="testdata" finished-at="2021-09-24T18:06:29 IST">
          <params>
            <param index="0">
              <value>
                <![CDATA[Balu]]>
              </value>
            </param>
            <param index="1">
              <value>
                <![CDATA[4554]]>
              </value>
            </param>
          </params>
          <reporter-output>
          </reporter-output>
        </test-method> <!-- credentials -->
        <test-method status="PASS" signature="credentials(java.lang.String,int)[pri:0, instance:com.testngfeatures.Data_Provider@4d41cee]" name="credentials" duration-ms="1" started-at="2021-09-24T18:06:29 IST" data-provider="testdata" finished-at="2021-09-24T18:06:29 IST">
          <params>
            <param index="0">
              <value>
                <![CDATA[Shiva]]>
              </value>
            </param>
            <param index="1">
              <value>
                <![CDATA[6785]]>
              </value>
            </param>
          </params>
          <reporter-output>
          </reporter-output>
        </test-method> <!-- credentials -->
      </class> <!-- com.testngfeatures.Data_Provider -->
    </test> <!-- Default test -->
  </suite> <!-- Default suite -->
</testng-results>
